<?xml version="1.0" encoding="UTF-8"?>
<testng-results ignored="7" total="8" passed="1" failed="0" skipped="0">
  <reporter-output>
  </reporter-output>
  <suite started-at="2022-08-29T14:24:43Z" name="Suite pruebas de regresión" finished-at="2022-08-29T14:24:53Z" duration-ms="9894">
    <groups>
    </groups>
    <test started-at="2022-08-29T14:24:43Z" name="Casos de prueba" finished-at="2022-08-29T14:24:53Z" duration-ms="9894">
      <class name="tests.Tests">
        <test-method is-config="true" signature="preparacionEjecucion()[pri:0, instance:tests.Tests@7674f035]" started-at="2022-08-29T14:24:43Z" name="preparacionEjecucion" finished-at="2022-08-29T14:24:48Z" duration-ms="5267" status="PASS">
          <reporter-output>
          </reporter-output>
        </test-method> <!-- preparacionEjecucion -->
        <test-method signature="CP07SubNewsletter()[pri:0, instance:tests.Tests@7674f035]" started-at="2022-08-29T14:24:48Z" name="CP07SubNewsletter" finished-at="2022-08-29T14:24:53Z" duration-ms="4521" status="PASS">
          <reporter-output>
          </reporter-output>
        </test-method> <!-- CP07SubNewsletter -->
        <test-method is-config="true" signature="posPrueba()[pri:0, instance:tests.Tests@7674f035]" started-at="2022-08-29T14:24:53Z" name="posPrueba" finished-at="2022-08-29T14:24:53Z" duration-ms="87" status="PASS">
          <reporter-output>
          </reporter-output>
        </test-method> <!-- posPrueba -->
      </class> <!-- tests.Tests -->
    </test> <!-- Casos de prueba -->
  </suite> <!-- Suite pruebas de regresión -->
</testng-results>
