<?xml version="1.0" encoding="UTF-8"?>
<!-- Generated by org.testng.reporters.JUnitXMLReporter -->
<testsuite ignored="3" hostname="DESKTOP-VV5T8OA" failures="0" tests="5" name="Casos de prueba" time="39.27" errors="0" timestamp="29 ago. 2022 14:32:05 GMT">
  <testcase classname="tests.Tests" name="CP03LoginUserInvalido" time="1.778"/>
  <testcase classname="tests.Tests" name="CP004VoteCommunityPollSinLoggear" time="1.681"/>
  <testcase classname="tests.Tests" name="CP05AgregarProducto" time="7.2"/>
  <testcase classname="tests.Tests" name="CP06LoginPassInvalido" time="1.326"/>
  <testcase classname="tests.Tests" name="CP07SubNewsletter" time="3.981"/>
  <testcase classname="tests.Tests" name="CP02LoginOK" time="0.0">
    <ignored/>
  </testcase> <!-- CP02LoginOK -->
  <testcase classname="tests.Tests" name="CP00_registro_ok" time="0.0">
    <ignored/>
  </testcase> <!-- CP00_registro_ok -->
  <testcase classname="tests.Tests" name="CP01_Registro_NO_OK" time="0.0">
    <ignored/>
  </testcase> <!-- CP01_Registro_NO_OK -->
</testsuite> <!-- Casos de prueba -->
