<?xml version="1.0" encoding="UTF-8"?>
<!-- Generated by org.testng.reporters.JUnitXMLReporter -->
<testsuite ignored="1" hostname="DESKTOP-VV5T8OA" failures="0" tests="7" name="Casos de prueba" time="60.949" errors="0" timestamp="29 ago. 2022 14:43:32 GMT">
  <testcase classname="tests.Tests" name="CP00registrook" time="7.577"/>
  <testcase classname="tests.Tests" name="CP01RegistroNOOK" time="6.022"/>
  <testcase classname="tests.Tests" name="CP03LoginUserInvalido" time="1.266"/>
  <testcase classname="tests.Tests" name="CP004VoteCommunityPollSinLoggear" time="1.711"/>
  <testcase classname="tests.Tests" name="CP05AgregarProducto" time="6.839"/>
  <testcase classname="tests.Tests" name="CP06LoginPassInvalido" time="1.301"/>
  <testcase classname="tests.Tests" name="CP07SubNewsletter" time="4.132"/>
  <testcase classname="tests.Tests" name="CP02LoginOK" time="0.0">
    <ignored/>
  </testcase> <!-- CP02LoginOK -->
</testsuite> <!-- Casos de prueba -->
